<?xml version="1.0" encoding="UTF-8"?>
<testng-results skipped="0" failed="0" total="1" passed="1">
  <reporter-output>
  </reporter-output>
  <suite name="com.ibatis.demo.TestiBatisMain" duration-ms="6611" started-at="2017-03-02T13:39:54Z" finished-at="2017-03-02T13:40:00Z">
    <groups>
    </groups>
    <test name="Command line test" duration-ms="6611" started-at="2017-03-02T13:39:54Z" finished-at="2017-03-02T13:40:00Z">
      <class name="com.ibatis.demo.TestiBatisMain">
        <test-method status="PASS" signature="configureiBatis()[pri:0, instance:com.ibatis.demo.TestiBatisMain@163425a]" name="configureiBatis" is-config="true" duration-ms="2323" started-at="2017-03-02T19:09:54Z" finished-at="2017-03-02T19:09:56Z">
          <reporter-output>
          </reporter-output>
        </test-method> <!-- configureiBatis -->
        <test-method status="PASS" signature="testDeleteQueryUsingiBatis()[pri:0, instance:com.ibatis.demo.TestiBatisMain@163425a]" name="testDeleteQueryUsingiBatis" duration-ms="4276" started-at="2017-03-02T19:09:56Z" finished-at="2017-03-02T19:10:00Z">
          <reporter-output>
          </reporter-output>
        </test-method> <!-- testDeleteQueryUsingiBatis -->
      </class> <!-- com.ibatis.demo.TestiBatisMain -->
    </test> <!-- Command line test -->
  </suite> <!-- com.ibatis.demo.TestiBatisMain -->
</testng-results>
